Using pre-set license
Built from '2020.2/staging' branch; Version is '2020.2.7f1 (c53830e277f1) revision 12924976'; Using compiler version '192528614'; Build Type 'Release'
OS: 'Windows 10 Pro; OS build 18363.1379; Version 1909; 64bit' Language: 'en' Physical Memory: 16300 MB
BatchMode: 1, IsHumanControllingUs: 0, StartBugReporterOnCrash: 0, Is64bit: 1, IsPro: 0

 COMMAND LINE ARGUMENTS:
C:\Program Files\Unity\Hub\Editor\2020.2.7f1\Editor\Unity.exe
-adb2
-batchMode
-noUpm
-name
AssetImportWorker0
-projectPath
C:/Users/Huy/Documents/GitHub/MultiplayerTest
-logFile
Logs/AssetImportWorker0.log
-srvPort
53339
Successfully changed project path to: C:/Users/Huy/Documents/GitHub/MultiplayerTest
C:/Users/Huy/Documents/GitHub/MultiplayerTest
Using Asset Import Pipeline V2.
Refreshing native plugins compatible for Editor in 75.00 ms, found 1 plugins.
Preloading 0 native plugins for Editor in 0.00 ms.
Initialize engine version: 2020.2.7f1 (c53830e277f1)
[Subsystems] Discovering subsystems at path C:/Program Files/Unity/Hub/Editor/2020.2.7f1/Editor/Data/Resources/UnitySubsystems
[Subsystems] Discovering subsystems at path C:/Users/Huy/Documents/GitHub/MultiplayerTest/Assets
GfxDevice: creating device client; threaded=0
Direct3D:
    Version:  Direct3D 11.0 [level 11.0]
    Renderer: NVIDIA GeForce GTX 860M (ID=0x1392)
    Vendor:   
    VRAM:     2010 MB
    Driver:   27.21.14.6140
Initialize mono
Mono path[0] = 'C:/Program Files/Unity/Hub/Editor/2020.2.7f1/Editor/Data/Managed'
Mono path[1] = 'C:/Program Files/Unity/Hub/Editor/2020.2.7f1/Editor/Data/MonoBleedingEdge/lib/mono/unityjit'
Mono config path = 'C:/Program Files/Unity/Hub/Editor/2020.2.7f1/Editor/Data/MonoBleedingEdge/etc'
Using monoOptions --debugger-agent=transport=dt_socket,embedding=1,server=y,suspend=n,address=127.0.0.1:56108
Begin MonoManager ReloadAssembly
Registering precompiled unity dll's ...
Register platform support module: C:/Program Files/Unity/Hub/Editor/2020.2.7f1/Editor/Data/PlaybackEngines/WindowsStandaloneSupport/UnityEditor.WindowsStandalone.Extensions.dll
Registered in 0.002953 seconds.
Native extension for WindowsStandalone target not found
Refreshing native plugins compatible for Editor in 76.01 ms, found 1 plugins.
Preloading 0 native plugins for Editor in 0.00 ms.
Invoked RoslynAnalysisRunner static constructor.
RoslynAnalysisRunner will not be running.
RoslynAnalysisRunner has terminated.
Mono: successfully reloaded assembly
- Completed reload, in  3.148 seconds
Platform modules already initialized, skipping
Registering precompiled user dll's ...
Registered in 0.004908 seconds.
Begin MonoManager ReloadAssembly
Symbol file LoadedFromMemory is not a mono symbol file
Native extension for WindowsStandalone target not found
Refreshing native plugins compatible for Editor in 71.97 ms, found 1 plugins.
Preloading 0 native plugins for Editor in 0.00 ms.
Invoked RoslynAnalysisRunner static constructor.
RoslynAnalysisRunner will not be running.
RoslynAnalysisRunner has terminated.
Mono: successfully reloaded assembly
- Completed reload, in  1.729 seconds
Platform modules already initialized, skipping
========================================================================
Worker process is ready to serve import requests
Launched and connected shader compiler UnityShaderCompiler.exe after 0.07 seconds
Refreshing native plugins compatible for Editor in 0.64 ms, found 1 plugins.
Preloading 0 native plugins for Editor in 0.00 ms.
Unloading 2036 Unused Serialized files (Serialized files now loaded: 0)
System memory in use before: 93.9 MB.
System memory in use after: 94.0 MB.

Unloading 24 unused Assets to reduce memory usage. Loaded Objects now: 2490.
Total: 4.131800 ms (FindLiveObjects: 0.351500 ms CreateObjectMapping: 0.238700 ms MarkObjects: 3.417800 ms  DeleteObjects: 0.121400 ms)

========================================================================
Received Import Request.
  path: Assets/Scripts/BulletScript.cs
  artifactKey: Guid(3f5c247fba6ad454eb180ee2e5b921ef) Importer(815301076,1909f56bfc062723c751e8b465ee728b)
Start importing Assets/Scripts/BulletScript.cs using Guid(3f5c247fba6ad454eb180ee2e5b921ef) Importer(815301076,1909f56bfc062723c751e8b465ee728b)  -> (artifact id: '603e575f4721f285cac9e84a75e631fe') in 0.051396 seconds
  Import took 0.058075 seconds .

========================================================================
Received Import Request.
  Time since last request: 1160.778266 seconds.
  path: Assets/Resources/Prefabs/player.prefab
  artifactKey: Guid(ff832d7e97691c545bc0182ab2c4ab36) Importer(815301076,1909f56bfc062723c751e8b465ee728b)
Start importing Assets/Resources/Prefabs/player.prefab using Guid(ff832d7e97691c545bc0182ab2c4ab36) Importer(815301076,1909f56bfc062723c751e8b465ee728b)  -> (artifact id: 'fbc832352a53e36ed0371ea07f717189') in 0.161223 seconds
  Import took 0.167562 seconds .

========================================================================
Received Import Request.
  Time since last request: 4.765422 seconds.
  path: Assets/Resources/Prefabs/TestBullet.prefab
  artifactKey: Guid(01be35d1f064ae947b925b20363ecc04) Importer(815301076,1909f56bfc062723c751e8b465ee728b)
Start importing Assets/Resources/Prefabs/TestBullet.prefab using Guid(01be35d1f064ae947b925b20363ecc04) Importer(815301076,1909f56bfc062723c751e8b465ee728b)  -> (artifact id: '824229b2b6ce84a29bc566c046c62c42') in 0.032844 seconds
  Import took 0.039076 seconds .

========================================================================
Received Prepare
Registering precompiled user dll's ...
Registered in 0.124739 seconds.
Begin MonoManager ReloadAssembly
Symbol file LoadedFromMemory is not a mono symbol file
Native extension for WindowsStandalone target not found
Refreshing native plugins compatible for Editor in 0.72 ms, found 1 plugins.
Preloading 0 native plugins for Editor in 0.00 ms.
Invoked RoslynAnalysisRunner static constructor.
RoslynAnalysisRunner will not be running.
RoslynAnalysisRunner has terminated.
Mono: successfully reloaded assembly
- Completed reload, in  1.409 seconds
Platform modules already initialized, skipping
Refreshing native plugins compatible for Editor in 0.68 ms, found 1 plugins.
Preloading 0 native plugins for Editor in 0.00 ms.
Unloading 2025 Unused Serialized files (Serialized files now loaded: 0)
System memory in use before: 96.4 MB.
System memory in use after: 96.5 MB.

Unloading 13 unused Assets to reduce memory usage. Loaded Objects now: 2500.
Total: 2.814200 ms (FindLiveObjects: 0.264100 ms CreateObjectMapping: 0.122100 ms MarkObjects: 2.399700 ms  DeleteObjects: 0.026800 ms)

========================================================================
Received Prepare
Refreshing native plugins compatible for Editor in 4.57 ms, found 1 plugins.
Preloading 0 native plugins for Editor in 0.00 ms.
Unloading 10 Unused Serialized files (Serialized files now loaded: 0)
System memory in use before: 56.6 MB.
System memory in use after: 56.7 MB.

Unloading 10 unused Assets to reduce memory usage. Loaded Objects now: 2500.
Total: 5.145700 ms (FindLiveObjects: 0.555300 ms CreateObjectMapping: 0.330100 ms MarkObjects: 4.185100 ms  DeleteObjects: 0.071000 ms)

========================================================================
Received Prepare
Registering precompiled user dll's ...
Registered in 0.004410 seconds.
Begin MonoManager ReloadAssembly
Symbol file LoadedFromMemory is not a mono symbol file
Native extension for WindowsStandalone target not found
Refreshing native plugins compatible for Editor in 1.06 ms, found 1 plugins.
Preloading 0 native plugins for Editor in 0.00 ms.
Invoked RoslynAnalysisRunner static constructor.
RoslynAnalysisRunner will not be running.
RoslynAnalysisRunner has terminated.
Mono: successfully reloaded assembly
- Completed reload, in  2.076 seconds
Platform modules already initialized, skipping
Refreshing native plugins compatible for Editor in 0.76 ms, found 1 plugins.
Preloading 0 native plugins for Editor in 0.00 ms.
Unloading 2025 Unused Serialized files (Serialized files now loaded: 0)
System memory in use before: 96.4 MB.
System memory in use after: 96.5 MB.

Unloading 13 unused Assets to reduce memory usage. Loaded Objects now: 2503.
Total: 3.488100 ms (FindLiveObjects: 0.461700 ms CreateObjectMapping: 0.237900 ms MarkObjects: 2.759100 ms  DeleteObjects: 0.027700 ms)

========================================================================
Received Prepare
Registering precompiled user dll's ...
Registered in 0.004424 seconds.
Begin MonoManager ReloadAssembly
Symbol file LoadedFromMemory is not a mono symbol file
Native extension for WindowsStandalone target not found
Refreshing native plugins compatible for Editor in 0.71 ms, found 1 plugins.
Preloading 0 native plugins for Editor in 0.00 ms.
Invoked RoslynAnalysisRunner static constructor.
RoslynAnalysisRunner will not be running.
RoslynAnalysisRunner has terminated.
Mono: successfully reloaded assembly
- Completed reload, in  1.428 seconds
Platform modules already initialized, skipping
Refreshing native plugins compatible for Editor in 0.68 ms, found 1 plugins.
Preloading 0 native plugins for Editor in 0.00 ms.
Unloading 2025 Unused Serialized files (Serialized files now loaded: 0)
System memory in use before: 96.4 MB.
System memory in use after: 96.6 MB.

Unloading 13 unused Assets to reduce memory usage. Loaded Objects now: 2506.
Total: 2.777600 ms (FindLiveObjects: 0.254500 ms CreateObjectMapping: 0.114400 ms MarkObjects: 2.381900 ms  DeleteObjects: 0.025500 ms)

========================================================================
Received Prepare
Refreshing native plugins compatible for Editor in 4.52 ms, found 1 plugins.
Preloading 0 native plugins for Editor in 0.00 ms.
Unloading 10 Unused Serialized files (Serialized files now loaded: 0)
System memory in use before: 56.7 MB.
System memory in use after: 56.8 MB.

Unloading 10 unused Assets to reduce memory usage. Loaded Objects now: 2506.
Total: 3.132600 ms (FindLiveObjects: 0.300300 ms CreateObjectMapping: 0.194600 ms MarkObjects: 2.617600 ms  DeleteObjects: 0.019000 ms)

========================================================================
Received Prepare
Registering precompiled user dll's ...
Registered in 0.007694 seconds.
Begin MonoManager ReloadAssembly
Symbol file LoadedFromMemory is not a mono symbol file
Native extension for WindowsStandalone target not found
Refreshing native plugins compatible for Editor in 1.48 ms, found 1 plugins.
Preloading 0 native plugins for Editor in 0.00 ms.
Invoked RoslynAnalysisRunner static constructor.
RoslynAnalysisRunner will not be running.
RoslynAnalysisRunner has terminated.
Mono: successfully reloaded assembly
- Completed reload, in  2.309 seconds
Platform modules already initialized, skipping
Refreshing native plugins compatible for Editor in 0.69 ms, found 1 plugins.
Preloading 0 native plugins for Editor in 0.00 ms.
Unloading 2025 Unused Serialized files (Serialized files now loaded: 0)
System memory in use before: 96.5 MB.
System memory in use after: 96.6 MB.

Unloading 13 unused Assets to reduce memory usage. Loaded Objects now: 2509.
Total: 4.825400 ms (FindLiveObjects: 0.388100 ms CreateObjectMapping: 0.248000 ms MarkObjects: 4.152000 ms  DeleteObjects: 0.035600 ms)

AssetImportWorkerClient::OnTransportError - code=2 error=End of file
